<rspec xmlns="http://www.geni.net/resources/rspec/3" xmlns:emulab="http://www.protogeni.net/resources/rspec/ext/emulab/1" xmlns:tour="http://www.protogeni.net/resources/rspec/ext/apt-tour/1" xmlns:jacks="http://www.protogeni.net/resources/rspec/ext/jacks/1" xmlns:xsi="http://www.w3.org/2001/XMLSchema-instance" xsi:schemaLocation="http://www.geni.net/resources/rspec/3    http://www.geni.net/resources/rspec/3/request.xsd" type="request">
  <node xmlns:emulab="http://www.protogeni.net/resources/rspec/ext/emulab/1" client_id="node-0" exclusive="true" component_manager_id="urn:publicid:IDN+utah.cloudlab.us+authority+cm" component_id="urn:publicid:IDN+utah.cloudlab.us+node+hp088" sliver_id="urn:publicid:IDN+utah.cloudlab.us+sliver+1815187">
    <sliver_type name="raw-pc">
      <disk_image name="urn:publicid:IDN+utah.cloudlab.us+image+ds22-PG0:DrTMH-Enabled-on-xl170"/>
    </sliver_type>
    <hardware_type name="xl170"/>
    <interface client_id="node-0:interface-0" component_id="urn:publicid:IDN+utah.cloudlab.us+interface+hp088:eth1" sliver_id="urn:publicid:IDN+utah.cloudlab.us+sliver+1815195" mac_address="9cdc715b22d1">
      <ip address="10.10.1.1" type="ipv4" netmask="255.255.255.0"/>
    </interface>
    <services>
      <login authentication="ssh-keys" hostname="hp088.utah.cloudlab.us" port="22" username="bxqml233"/>
      <emulab:console server="boss.utah.cloudlab.us"/>
      <emulab:recovery available="true"/>
      <emulab:powercycle available="true"/>
      <emulab:imageable available="true"/>
      <execute shell="/bin/sh" command="sudo apt-get update"/>
      <execute shell="/bin/sh" command="sudo apt-get install -y cmake git python3-pip libzmq3-dev libtool-bin"/>
    </services>
    <emulab:rootkey private="true" public="true"/>
    <emulab:vnode name="hp088" hardware_type="xl170"/>
    <host name="node-0.DrTM-H.ds22-PG0.utah.cloudlab.us" ipv4="128.110.218.127"/>
  </node>
  <node xmlns:emulab="http://www.protogeni.net/resources/rspec/ext/emulab/1" client_id="node-1" exclusive="true" component_manager_id="urn:publicid:IDN+utah.cloudlab.us+authority+cm" component_id="urn:publicid:IDN+utah.cloudlab.us+node+hp113" sliver_id="urn:publicid:IDN+utah.cloudlab.us+sliver+1815192">
    <sliver_type name="raw-pc">
      <disk_image name="urn:publicid:IDN+utah.cloudlab.us+image+ds22-PG0:DrTMH-Enabled-on-xl170"/>
    </sliver_type>
    <hardware_type name="xl170"/>
    <interface client_id="node-1:interface-1" component_id="urn:publicid:IDN+utah.cloudlab.us+interface+hp113:eth1" sliver_id="urn:publicid:IDN+utah.cloudlab.us+sliver+1815196" mac_address="9cdc7149b8d1">
      <ip address="10.10.1.2" type="ipv4" netmask="255.255.255.0"/>
    </interface>
    <services>
      <login authentication="ssh-keys" hostname="hp113.utah.cloudlab.us" port="22" username="bxqml233"/>
      <emulab:console server="boss.utah.cloudlab.us"/>
      <emulab:recovery available="true"/>
      <emulab:powercycle available="true"/>
      <emulab:imageable available="true"/>
      <execute shell="/bin/sh" command="sudo apt-get update"/>
      <execute shell="/bin/sh" command="sudo apt-get install -y cmake git python3-pip libzmq3-dev libtool-bin"/>
    </services>
    <emulab:rootkey private="true" public="true"/>
    <emulab:vnode name="hp113" hardware_type="xl170"/>
    <host name="node-1.DrTM-H.ds22-PG0.utah.cloudlab.us" ipv4="128.110.218.152"/>
  </node>
  <node xmlns:emulab="http://www.protogeni.net/resources/rspec/ext/emulab/1" client_id="node-2" exclusive="true" component_manager_id="urn:publicid:IDN+utah.cloudlab.us+authority+cm" component_id="urn:publicid:IDN+utah.cloudlab.us+node+hp102" sliver_id="urn:publicid:IDN+utah.cloudlab.us+sliver+1815191">
    <sliver_type name="raw-pc">
      <disk_image name="urn:publicid:IDN+utah.cloudlab.us+image+ds22-PG0:DrTMH-Enabled-on-xl170"/>
    </sliver_type>
    <hardware_type name="xl170"/>
    <interface client_id="node-2:interface-2" component_id="urn:publicid:IDN+utah.cloudlab.us+interface+hp102:eth1" sliver_id="urn:publicid:IDN+utah.cloudlab.us+sliver+1815197" mac_address="9cdc7149c821">
      <ip address="10.10.1.3" type="ipv4" netmask="255.255.255.0"/>
    </interface>
    <services>
      <login authentication="ssh-keys" hostname="hp102.utah.cloudlab.us" port="22" username="bxqml233"/>
      <emulab:console server="boss.utah.cloudlab.us"/>
      <emulab:recovery available="true"/>
      <emulab:powercycle available="true"/>
      <emulab:imageable available="true"/>
      <execute shell="/bin/sh" command="sudo apt-get update"/>
      <execute shell="/bin/sh" command="sudo apt-get install -y cmake git python3-pip libzmq3-dev libtool-bin"/>
    </services>
    <emulab:rootkey private="true" public="true"/>
    <emulab:vnode name="hp102" hardware_type="xl170"/>
    <host name="node-2.DrTM-H.ds22-PG0.utah.cloudlab.us" ipv4="128.110.218.141"/>
  </node>
  <node xmlns:emulab="http://www.protogeni.net/resources/rspec/ext/emulab/1" client_id="node-3" exclusive="true" component_manager_id="urn:publicid:IDN+utah.cloudlab.us+authority+cm" component_id="urn:publicid:IDN+utah.cloudlab.us+node+hp105" sliver_id="urn:publicid:IDN+utah.cloudlab.us+sliver+1815186">
    <sliver_type name="raw-pc">
      <disk_image name="urn:publicid:IDN+utah.cloudlab.us+image+ds22-PG0:DrTMH-Enabled-on-xl170"/>
    </sliver_type>
    <hardware_type name="xl170"/>
    <interface client_id="node-3:interface-3" component_id="urn:publicid:IDN+utah.cloudlab.us+interface+hp105:eth1" sliver_id="urn:publicid:IDN+utah.cloudlab.us+sliver+1815198" mac_address="9cdc714b8371">
      <ip address="10.10.1.4" type="ipv4" netmask="255.255.255.0"/>
    </interface>
    <services>
      <login authentication="ssh-keys" hostname="hp105.utah.cloudlab.us" port="22" username="bxqml233"/>
      <emulab:console server="boss.utah.cloudlab.us"/>
      <emulab:recovery available="true"/>
      <emulab:powercycle available="true"/>
      <emulab:imageable available="true"/>
      <execute shell="/bin/sh" command="sudo apt-get update"/>
      <execute shell="/bin/sh" command="sudo apt-get install -y cmake git python3-pip libzmq3-dev libtool-bin"/>
    </services>
    <emulab:rootkey private="true" public="true"/>
    <emulab:vnode name="hp105" hardware_type="xl170"/>
    <host name="node-3.DrTM-H.ds22-PG0.utah.cloudlab.us" ipv4="128.110.218.144"/>
  </node>
  <node xmlns:emulab="http://www.protogeni.net/resources/rspec/ext/emulab/1" client_id="node-4" exclusive="true" component_manager_id="urn:publicid:IDN+utah.cloudlab.us+authority+cm" component_id="urn:publicid:IDN+utah.cloudlab.us+node+hp115" sliver_id="urn:publicid:IDN+utah.cloudlab.us+sliver+1815190">
    <sliver_type name="raw-pc">
      <disk_image name="urn:publicid:IDN+utah.cloudlab.us+image+ds22-PG0:DrTMH-Enabled-on-xl170"/>
    </sliver_type>
    <hardware_type name="xl170"/>
    <interface client_id="node-4:interface-4" component_id="urn:publicid:IDN+utah.cloudlab.us+interface+hp115:eth1" sliver_id="urn:publicid:IDN+utah.cloudlab.us+sliver+1815199" mac_address="9cdc715cafc1">
      <ip address="10.10.1.5" type="ipv4" netmask="255.255.255.0"/>
    </interface>
    <services>
      <login authentication="ssh-keys" hostname="hp115.utah.cloudlab.us" port="22" username="bxqml233"/>
      <emulab:console server="boss.utah.cloudlab.us"/>
      <emulab:recovery available="true"/>
      <emulab:powercycle available="true"/>
      <emulab:imageable available="true"/>
      <execute shell="/bin/sh" command="sudo apt-get update"/>
      <execute shell="/bin/sh" command="sudo apt-get install -y cmake git python3-pip libzmq3-dev libtool-bin"/>
    </services>
    <emulab:rootkey private="true" public="true"/>
    <emulab:vnode name="hp115" hardware_type="xl170"/>
    <host name="node-4.DrTM-H.ds22-PG0.utah.cloudlab.us" ipv4="128.110.218.154"/>
  </node>
  <node xmlns:emulab="http://www.protogeni.net/resources/rspec/ext/emulab/1" client_id="node-5" exclusive="true" component_manager_id="urn:publicid:IDN+utah.cloudlab.us+authority+cm" component_id="urn:publicid:IDN+utah.cloudlab.us+node+hp081" sliver_id="urn:publicid:IDN+utah.cloudlab.us+sliver+1815189">
    <sliver_type name="raw-pc">
      <disk_image name="urn:publicid:IDN+utah.cloudlab.us+image+ds22-PG0:DrTMH-Enabled-on-xl170"/>
    </sliver_type>
    <hardware_type name="xl170"/>
    <interface client_id="node-5:interface-5" component_id="urn:publicid:IDN+utah.cloudlab.us+interface+hp081:eth1" sliver_id="urn:publicid:IDN+utah.cloudlab.us+sliver+1815200" mac_address="9cdc715dd5f1">
      <ip address="10.10.1.6" type="ipv4" netmask="255.255.255.0"/>
    </interface>
    <services>
      <login authentication="ssh-keys" hostname="hp081.utah.cloudlab.us" port="22" username="bxqml233"/>
      <emulab:console server="boss.utah.cloudlab.us"/>
      <emulab:recovery available="true"/>
      <emulab:powercycle available="true"/>
      <emulab:imageable available="true"/>
      <execute shell="/bin/sh" command="sudo apt-get update"/>
      <execute shell="/bin/sh" command="sudo apt-get install -y cmake git python3-pip libzmq3-dev libtool-bin"/>
    </services>
    <emulab:rootkey private="true" public="true"/>
    <emulab:vnode name="hp081" hardware_type="xl170"/>
    <host name="node-5.DrTM-H.ds22-PG0.utah.cloudlab.us" ipv4="128.110.218.120"/>
  </node>
  <node xmlns:emulab="http://www.protogeni.net/resources/rspec/ext/emulab/1" client_id="node-6" exclusive="true" component_manager_id="urn:publicid:IDN+utah.cloudlab.us+authority+cm" component_id="urn:publicid:IDN+utah.cloudlab.us+node+hp087" sliver_id="urn:publicid:IDN+utah.cloudlab.us+sliver+1815185">
    <sliver_type name="raw-pc">
      <disk_image name="urn:publicid:IDN+utah.cloudlab.us+image+ds22-PG0:DrTMH-Enabled-on-xl170"/>
    </sliver_type>
    <hardware_type name="xl170"/>
    <interface client_id="node-6:interface-6" component_id="urn:publicid:IDN+utah.cloudlab.us+interface+hp087:eth1" sliver_id="urn:publicid:IDN+utah.cloudlab.us+sliver+1815201" mac_address="9cdc715b2261">
      <ip address="10.10.1.7" type="ipv4" netmask="255.255.255.0"/>
    </interface>
    <services>
      <login authentication="ssh-keys" hostname="hp087.utah.cloudlab.us" port="22" username="bxqml233"/>
      <emulab:console server="boss.utah.cloudlab.us"/>
      <emulab:recovery available="true"/>
      <emulab:powercycle available="true"/>
      <emulab:imageable available="true"/>
      <execute shell="/bin/sh" command="sudo apt-get update"/>
      <execute shell="/bin/sh" command="sudo apt-get install -y cmake git python3-pip libzmq3-dev libtool-bin"/>
    </services>
    <emulab:rootkey private="true" public="true"/>
    <emulab:vnode name="hp087" hardware_type="xl170"/>
    <host name="node-6.DrTM-H.ds22-PG0.utah.cloudlab.us" ipv4="128.110.218.126"/>
  </node>
  <node xmlns:emulab="http://www.protogeni.net/resources/rspec/ext/emulab/1" client_id="node-7" exclusive="true" component_manager_id="urn:publicid:IDN+utah.cloudlab.us+authority+cm" component_id="urn:publicid:IDN+utah.cloudlab.us+node+hp118" sliver_id="urn:publicid:IDN+utah.cloudlab.us+sliver+1815188">
    <sliver_type name="raw-pc">
      <disk_image name="urn:publicid:IDN+utah.cloudlab.us+image+ds22-PG0:DrTMH-Enabled-on-xl170"/>
    </sliver_type>
    <hardware_type name="xl170"/>
    <interface client_id="node-7:interface-7" component_id="urn:publicid:IDN+utah.cloudlab.us+interface+hp118:eth1" sliver_id="urn:publicid:IDN+utah.cloudlab.us+sliver+1815202" mac_address="9cdc7149a8b1">
      <ip address="10.10.1.8" type="ipv4" netmask="255.255.255.0"/>
    </interface>
    <services>
      <login authentication="ssh-keys" hostname="hp118.utah.cloudlab.us" port="22" username="bxqml233"/>
      <emulab:console server="boss.utah.cloudlab.us"/>
      <emulab:recovery available="true"/>
      <emulab:powercycle available="true"/>
      <emulab:imageable available="true"/>
      <execute shell="/bin/sh" command="sudo apt-get update"/>
      <execute shell="/bin/sh" command="sudo apt-get install -y cmake git python3-pip libzmq3-dev libtool-bin"/>
    </services>
    <emulab:rootkey private="true" public="true"/>
    <emulab:vnode name="hp118" hardware_type="xl170"/>
    <host name="node-7.DrTM-H.ds22-PG0.utah.cloudlab.us" ipv4="128.110.218.157"/>
  </node>
  <link xmlns:jacks="http://www.protogeni.net/resources/rspec/ext/jacks/1" client_id="link-0" sliver_id="urn:publicid:IDN+utah.cloudlab.us+sliver+1815194" vlantag="272">
    <interface_ref client_id="node-0:interface-0" component_id="urn:publicid:IDN+utah.cloudlab.us+interface+hp088:eth1" sliver_id="urn:publicid:IDN+utah.cloudlab.us+sliver+1815195"/>
    <interface_ref client_id="node-1:interface-1" component_id="urn:publicid:IDN+utah.cloudlab.us+interface+hp113:eth1" sliver_id="urn:publicid:IDN+utah.cloudlab.us+sliver+1815196"/>
    <interface_ref client_id="node-2:interface-2" component_id="urn:publicid:IDN+utah.cloudlab.us+interface+hp102:eth1" sliver_id="urn:publicid:IDN+utah.cloudlab.us+sliver+1815197"/>
    <interface_ref client_id="node-3:interface-3" component_id="urn:publicid:IDN+utah.cloudlab.us+interface+hp105:eth1" sliver_id="urn:publicid:IDN+utah.cloudlab.us+sliver+1815198"/>
    <interface_ref client_id="node-4:interface-4" component_id="urn:publicid:IDN+utah.cloudlab.us+interface+hp115:eth1" sliver_id="urn:publicid:IDN+utah.cloudlab.us+sliver+1815199"/>
    <interface_ref client_id="node-5:interface-5" component_id="urn:publicid:IDN+utah.cloudlab.us+interface+hp081:eth1" sliver_id="urn:publicid:IDN+utah.cloudlab.us+sliver+1815200"/>
    <interface_ref client_id="node-6:interface-6" component_id="urn:publicid:IDN+utah.cloudlab.us+interface+hp087:eth1" sliver_id="urn:publicid:IDN+utah.cloudlab.us+sliver+1815201"/>
    <interface_ref client_id="node-7:interface-7" component_id="urn:publicid:IDN+utah.cloudlab.us+interface+hp118:eth1" sliver_id="urn:publicid:IDN+utah.cloudlab.us+sliver+1815202"/>
    <component_manager name="urn:publicid:IDN+utah.cloudlab.us+authority+cm"/>
    <property xmlns="http://www.geni.net/resources/rspec/3" source_id="node-0:interface-0" dest_id="node-1:interface-1" capacity="25000000"/>
    <property xmlns="http://www.geni.net/resources/rspec/3" source_id="node-0:interface-0" dest_id="node-2:interface-2" capacity="25000000"/>
    <property xmlns="http://www.geni.net/resources/rspec/3" source_id="node-0:interface-0" dest_id="node-3:interface-3" capacity="25000000"/>
    <property xmlns="http://www.geni.net/resources/rspec/3" source_id="node-0:interface-0" dest_id="node-4:interface-4" capacity="25000000"/>
    <property xmlns="http://www.geni.net/resources/rspec/3" source_id="node-0:interface-0" dest_id="node-5:interface-5" capacity="25000000"/>
    <property xmlns="http://www.geni.net/resources/rspec/3" source_id="node-0:interface-0" dest_id="node-6:interface-6" capacity="25000000"/>
    <property xmlns="http://www.geni.net/resources/rspec/3" source_id="node-0:interface-0" dest_id="node-7:interface-7" capacity="25000000"/>
    <property xmlns="http://www.geni.net/resources/rspec/3" source_id="node-1:interface-1" dest_id="node-0:interface-0" capacity="25000000"/>
    <property xmlns="http://www.geni.net/resources/rspec/3" source_id="node-1:interface-1" dest_id="node-2:interface-2" capacity="25000000"/>
    <property xmlns="http://www.geni.net/resources/rspec/3" source_id="node-1:interface-1" dest_id="node-3:interface-3" capacity="25000000"/>
    <property xmlns="http://www.geni.net/resources/rspec/3" source_id="node-1:interface-1" dest_id="node-4:interface-4" capacity="25000000"/>
    <property xmlns="http://www.geni.net/resources/rspec/3" source_id="node-1:interface-1" dest_id="node-5:interface-5" capacity="25000000"/>
    <property xmlns="http://www.geni.net/resources/rspec/3" source_id="node-1:interface-1" dest_id="node-6:interface-6" capacity="25000000"/>
    <property xmlns="http://www.geni.net/resources/rspec/3" source_id="node-1:interface-1" dest_id="node-7:interface-7" capacity="25000000"/>
    <property xmlns="http://www.geni.net/resources/rspec/3" source_id="node-2:interface-2" dest_id="node-0:interface-0" capacity="25000000"/>
    <property xmlns="http://www.geni.net/resources/rspec/3" source_id="node-2:interface-2" dest_id="node-1:interface-1" capacity="25000000"/>
    <property xmlns="http://www.geni.net/resources/rspec/3" source_id="node-2:interface-2" dest_id="node-3:interface-3" capacity="25000000"/>
    <property xmlns="http://www.geni.net/resources/rspec/3" source_id="node-2:interface-2" dest_id="node-4:interface-4" capacity="25000000"/>
    <property xmlns="http://www.geni.net/resources/rspec/3" source_id="node-2:interface-2" dest_id="node-5:interface-5" capacity="25000000"/>
    <property xmlns="http://www.geni.net/resources/rspec/3" source_id="node-2:interface-2" dest_id="node-6:interface-6" capacity="25000000"/>
    <property xmlns="http://www.geni.net/resources/rspec/3" source_id="node-2:interface-2" dest_id="node-7:interface-7" capacity="25000000"/>
    <property xmlns="http://www.geni.net/resources/rspec/3" source_id="node-3:interface-3" dest_id="node-0:interface-0" capacity="25000000"/>
    <property xmlns="http://www.geni.net/resources/rspec/3" source_id="node-3:interface-3" dest_id="node-1:interface-1" capacity="25000000"/>
    <property xmlns="http://www.geni.net/resources/rspec/3" source_id="node-3:interface-3" dest_id="node-2:interface-2" capacity="25000000"/>
    <property xmlns="http://www.geni.net/resources/rspec/3" source_id="node-3:interface-3" dest_id="node-4:interface-4" capacity="25000000"/>
    <property xmlns="http://www.geni.net/resources/rspec/3" source_id="node-3:interface-3" dest_id="node-5:interface-5" capacity="25000000"/>
    <property xmlns="http://www.geni.net/resources/rspec/3" source_id="node-3:interface-3" dest_id="node-6:interface-6" capacity="25000000"/>
    <property xmlns="http://www.geni.net/resources/rspec/3" source_id="node-3:interface-3" dest_id="node-7:interface-7" capacity="25000000"/>
    <property xmlns="http://www.geni.net/resources/rspec/3" source_id="node-4:interface-4" dest_id="node-0:interface-0" capacity="25000000"/>
    <property xmlns="http://www.geni.net/resources/rspec/3" source_id="node-4:interface-4" dest_id="node-1:interface-1" capacity="25000000"/>
    <property xmlns="http://www.geni.net/resources/rspec/3" source_id="node-4:interface-4" dest_id="node-2:interface-2" capacity="25000000"/>
    <property xmlns="http://www.geni.net/resources/rspec/3" source_id="node-4:interface-4" dest_id="node-3:interface-3" capacity="25000000"/>
    <property xmlns="http://www.geni.net/resources/rspec/3" source_id="node-4:interface-4" dest_id="node-5:interface-5" capacity="25000000"/>
    <property xmlns="http://www.geni.net/resources/rspec/3" source_id="node-4:interface-4" dest_id="node-6:interface-6" capacity="25000000"/>
    <property xmlns="http://www.geni.net/resources/rspec/3" source_id="node-4:interface-4" dest_id="node-7:interface-7" capacity="25000000"/>
    <property xmlns="http://www.geni.net/resources/rspec/3" source_id="node-5:interface-5" dest_id="node-0:interface-0" capacity="25000000"/>
    <property xmlns="http://www.geni.net/resources/rspec/3" source_id="node-5:interface-5" dest_id="node-1:interface-1" capacity="25000000"/>
    <property xmlns="http://www.geni.net/resources/rspec/3" source_id="node-5:interface-5" dest_id="node-2:interface-2" capacity="25000000"/>
    <property xmlns="http://www.geni.net/resources/rspec/3" source_id="node-5:interface-5" dest_id="node-3:interface-3" capacity="25000000"/>
    <property xmlns="http://www.geni.net/resources/rspec/3" source_id="node-5:interface-5" dest_id="node-4:interface-4" capacity="25000000"/>
    <property xmlns="http://www.geni.net/resources/rspec/3" source_id="node-5:interface-5" dest_id="node-6:interface-6" capacity="25000000"/>
    <property xmlns="http://www.geni.net/resources/rspec/3" source_id="node-5:interface-5" dest_id="node-7:interface-7" capacity="25000000"/>
    <property xmlns="http://www.geni.net/resources/rspec/3" source_id="node-6:interface-6" dest_id="node-0:interface-0" capacity="25000000"/>
    <property xmlns="http://www.geni.net/resources/rspec/3" source_id="node-6:interface-6" dest_id="node-1:interface-1" capacity="25000000"/>
    <property xmlns="http://www.geni.net/resources/rspec/3" source_id="node-6:interface-6" dest_id="node-2:interface-2" capacity="25000000"/>
    <property xmlns="http://www.geni.net/resources/rspec/3" source_id="node-6:interface-6" dest_id="node-3:interface-3" capacity="25000000"/>
    <property xmlns="http://www.geni.net/resources/rspec/3" source_id="node-6:interface-6" dest_id="node-4:interface-4" capacity="25000000"/>
    <property xmlns="http://www.geni.net/resources/rspec/3" source_id="node-6:interface-6" dest_id="node-5:interface-5" capacity="25000000"/>
    <property xmlns="http://www.geni.net/resources/rspec/3" source_id="node-6:interface-6" dest_id="node-7:interface-7" capacity="25000000"/>
    <property xmlns="http://www.geni.net/resources/rspec/3" source_id="node-7:interface-7" dest_id="node-0:interface-0" capacity="25000000"/>
    <property xmlns="http://www.geni.net/resources/rspec/3" source_id="node-7:interface-7" dest_id="node-1:interface-1" capacity="25000000"/>
    <property xmlns="http://www.geni.net/resources/rspec/3" source_id="node-7:interface-7" dest_id="node-2:interface-2" capacity="25000000"/>
    <property xmlns="http://www.geni.net/resources/rspec/3" source_id="node-7:interface-7" dest_id="node-3:interface-3" capacity="25000000"/>
    <property xmlns="http://www.geni.net/resources/rspec/3" source_id="node-7:interface-7" dest_id="node-4:interface-4" capacity="25000000"/>
    <property xmlns="http://www.geni.net/resources/rspec/3" source_id="node-7:interface-7" dest_id="node-5:interface-5" capacity="25000000"/>
    <property xmlns="http://www.geni.net/resources/rspec/3" source_id="node-7:interface-7" dest_id="node-6:interface-6" capacity="25000000"/>
  </link>
  <rspec_tour xmlns="http://www.protogeni.net/resources/rspec/ext/apt-tour/1">
    <description type="markdown">8 xl170 with ConnectX4 NIC connected to test RDMA traffic (used for server-client architecture)</description>
  </rspec_tour>
  <data_set xmlns="http://www.protogeni.net/resources/rspec/ext/profile-parameters/1">
    <data_item name="emulab.net.parameter.n_nodes">8</data_item>
  </data_set>
  <emulab:portal name="cloudlab" url="https://www.cloudlab.us/status.php?uuid=2fb35dfd-2ba8-11ef-9f39-e4434b2381fc" project="ds22" experiment="DrTM-H" sequence="1718518688"/>
  <rs:site_info xmlns:rs="http://www.protogeni.net/resources/rspec/ext/site-info/1">
    <rs:location country="US" latitude="40.750714" longitude="-111.893288"/>
  </rs:site_info>
</rspec>
